<?xml version="1.0" encoding="UTF-8"?>
<testng-results ignored="0" total="2" passed="2" failed="0" skipped="0">
  <reporter-output>
  </reporter-output>
  <suite started-at="2025-08-22T19:09:03 IST" name="Suite" finished-at="2025-08-22T19:09:04 IST" duration-ms="1032">
    <groups>
    </groups>
    <test started-at="2025-08-22T19:09:03 IST" name="Test" finished-at="2025-08-22T19:09:04 IST" duration-ms="1032">
      <class name="com.Practice.ExtentReportHandsonTest">
        <test-method is-config="true" signature="launch()[pri:0, instance:com.Practice.ExtentReportHandsonTest@56bca85b]" started-at="2025-08-22T19:09:03 IST" name="launch" finished-at="2025-08-22T19:09:04 IST" duration-ms="867" status="PASS">
          <reporter-output>
          </reporter-output>
        </test-method> <!-- launch -->
        <test-method signature="getTitle()[pri:1, instance:com.Practice.ExtentReportHandsonTest@56bca85b]" started-at="2025-08-22T19:09:04 IST" name="getTitle" finished-at="2025-08-22T19:09:04 IST" duration-ms="23" status="PASS">
          <reporter-output>
          </reporter-output>
        </test-method> <!-- getTitle -->
        <test-method signature="checkGoogleSearchButton()[pri:0, instance:com.Practice.ExtentReportHandsonTest@56bca85b]" started-at="2025-08-22T19:09:04 IST" name="checkGoogleSearchButton" finished-at="2025-08-22T19:09:04 IST" duration-ms="115" status="PASS">
          <reporter-output>
          </reporter-output>
        </test-method> <!-- checkGoogleSearchButton -->
        <test-method is-config="true" signature="tearDown()[pri:0, instance:com.Practice.ExtentReportHandsonTest@56bca85b]" started-at="2025-08-22T19:09:04 IST" name="tearDown" finished-at="2025-08-22T19:09:05 IST" duration-ms="144" status="PASS">
          <reporter-output>
          </reporter-output>
        </test-method> <!-- tearDown -->
      </class> <!-- com.Practice.ExtentReportHandsonTest -->
    </test> <!-- Test -->
  </suite> <!-- Suite -->
</testng-results>
