<?xml version="1.0" encoding="UTF-8"?>
<testng-results ignored="0" total="2" passed="2" failed="0" skipped="0">
  <reporter-output>
  </reporter-output>
  <suite started-at="2025-08-21T23:52:08 IST" name="Suite" finished-at="2025-08-21T23:52:09 IST" duration-ms="1533">
    <groups>
    </groups>
    <test started-at="2025-08-21T23:52:08 IST" name="Test" finished-at="2025-08-21T23:52:09 IST" duration-ms="1533">
      <class name="com.Practice.ExtentReportHandsonTest">
        <test-method is-config="true" signature="launch()[pri:0, instance:com.Practice.ExtentReportHandsonTest@485a3466]" started-at="2025-08-21T23:52:08 IST" name="launch" finished-at="2025-08-21T23:52:09 IST" duration-ms="1215" status="PASS">
          <reporter-output>
          </reporter-output>
        </test-method> <!-- launch -->
        <test-method signature="checkGoogleSearchButton()[pri:0, instance:com.Practice.ExtentReportHandsonTest@485a3466]" started-at="2025-08-21T23:52:09 IST" name="checkGoogleSearchButton" finished-at="2025-08-21T23:52:09 IST" duration-ms="153" status="PASS">
          <reporter-output>
          </reporter-output>
        </test-method> <!-- checkGoogleSearchButton -->
        <test-method signature="getTitle()[pri:1, instance:com.Practice.ExtentReportHandsonTest@485a3466]" started-at="2025-08-21T23:52:09 IST" name="getTitle" finished-at="2025-08-21T23:52:09 IST" duration-ms="124" status="PASS">
          <reporter-output>
          </reporter-output>
        </test-method> <!-- getTitle -->
        <test-method is-config="true" signature="tearDown()[pri:0, instance:com.Practice.ExtentReportHandsonTest@485a3466]" started-at="2025-08-21T23:52:09 IST" name="tearDown" finished-at="2025-08-21T23:52:10 IST" duration-ms="485" status="PASS">
          <reporter-output>
          </reporter-output>
        </test-method> <!-- tearDown -->
      </class> <!-- com.Practice.ExtentReportHandsonTest -->
    </test> <!-- Test -->
  </suite> <!-- Suite -->
</testng-results>
